clip_1.mp4: 
http://www.youtube.com/watch?v=vnK6qPOn5BQ
clip_10.mp4: 
http://www.youtube.com/watch?v=hFZUbC0iVZU
clip_101.mp4: 
http://www.youtube.com/watch?v=QQC-674emf8
clip_103.mp4: 
http://www.youtube.com/watch?v=2NIxIwyoWlo
clip_105.mp4: 
http://www.youtube.com/watch?v=v7IxRZECAp4
clip_106.mp4: 
http://www.youtube.com/watch?v=1LMJEMmQRns
clip_108.mp4: 
http://www.youtube.com/watch?v=loneWMBPCu8
clip_109.mp4: 
http://www.youtube.com/watch?v=a4HXAsbWIXk
clip_11.mp4: 
http://www.youtube.com/watch?v=23EqgW_GqRo
clip_111.mp4: 
http://www.youtube.com/watch?v=a-F0tAoRnZw
clip_112.mp4: 
http://www.youtube.com/watch?v=_TP_cvi1kyg
clip_114.mp4: 
http://www.youtube.com/watch?v=TXa666Wko6c
clip_116.mp4: 
http://www.youtube.com/watch?v=ul5feOFrWIs
clip_117.mp4: 
http://www.youtube.com/watch?v=FWtqUzfWBEM
clip_119.mp4: 
http://www.youtube.com/watch?v=TISHv2FgYEk
clip_120.mp4: 
http://www.youtube.com/watch?v=oKqM33sdep8
clip_122.mp4: 
http://www.youtube.com/watch?v=zN59I4-MfWo
clip_123.mp4: 
http://www.youtube.com/watch?v=ZF0FeJMRPRg
clip_125.mp4: 
http://www.youtube.com/watch?v=3vGqYII9jDY
clip_126.mp4: 
http://www.youtube.com/watch?v=oFnLINAlg-U
clip_128.mp4: 
http://www.youtube.com/watch?v=BZKEACyHTp4
clip_129.mp4: 
http://www.youtube.com/watch?v=gqWtaY9T5U4
clip_13.mp4: 
http://www.youtube.com/watch?v=3BIUc5TzfsI
clip_131.mp4: 
http://www.youtube.com/watch?v=hmj-8KslY3k
clip_133.mp4: 
http://www.youtube.com/watch?v=5E2aB2AHfhI
clip_134.mp4: 
http://www.youtube.com/watch?v=UYgSr_UxcFM
clip_136.mp4: 
http://www.youtube.com/watch?v=O9zkFVYi2b8
clip_138.mp4: 
http://www.youtube.com/watch?v=yABmcVeS3v8
clip_14.mp4: 
http://www.youtube.com/watch?v=PNLAjIBoH_o
clip_140.mp4: 
http://www.youtube.com/watch?v=Rl_xZe-zRiw
clip_141.mp4: 
http://www.youtube.com/watch?v=ShwMsg5Q-xI
clip_143.mp4: 
http://www.youtube.com/watch?v=7QYMcVvYgAs
clip_144.mp4: 
http://www.youtube.com/watch?v=8BCTpC6KkYQ
clip_146.mp4: 
http://www.youtube.com/watch?v=IMuE7hoUvH8
clip_147.mp4: 
http://www.youtube.com/watch?v=iNoFu2zaFKY
clip_149.mp4: 
http://www.youtube.com/watch?v=k5Ea9ytSkT0
clip_150.mp4: 
http://www.youtube.com/watch?v=7jRfrwYzSrI
clip_152.mp4: 
http://www.youtube.com/watch?v=4zB5OBw56QU
clip_154.mp4: 
http://www.youtube.com/watch?v=JqzybTdvz5U
clip_155.mp4: 
http://www.youtube.com/watch?v=2khKnvYxK4k
clip_157.mp4: 
http://www.youtube.com/watch?v=wJkqB-juLwU
clip_158.mp4: 
http://www.youtube.com/watch?v=XXkcXaKshic
clip_16.mp4: 
http://www.youtube.com/watch?v=Z1zcO-BIwKA
clip_160.mp4: 
http://www.youtube.com/watch?v=zKM8AGDzpMI
clip_161.mp4: 
http://www.youtube.com/watch?v=FnqMLMVOnWY
clip_163.mp4: 
http://www.youtube.com/watch?v=EGQxMxZFF8E
clip_164.mp4: 
http://www.youtube.com/watch?v=hk2rriAGR-0
clip_166.mp4: 
http://www.youtube.com/watch?v=6vzLiYbVhp4
clip_167.mp4: 
http://www.youtube.com/watch?v=Z0wmRaVrTW0
clip_169.mp4: 
http://www.youtube.com/watch?v=RlQcHwbGBP0
clip_17.mp4: 
http://www.youtube.com/watch?v=9irhpcQA_W8
clip_170.mp4: 
http://www.youtube.com/watch?v=yfhEIyJo5A0
clip_172.mp4: 
http://www.youtube.com/watch?v=0YAyL-vyAZg
clip_174.mp4: 
http://www.youtube.com/watch?v=KHOyGymRp60
clip_175.mp4: 
http://www.youtube.com/watch?v=gTkLgoMapMM
clip_177.mp4: 
http://www.youtube.com/watch?v=D-liSDSaP0Y
clip_179.mp4: 
http://www.youtube.com/watch?v=iiYzclgsK-M
clip_180.mp4: 
http://www.youtube.com/watch?v=QCKSQc9o_cg
clip_182.mp4: 
http://www.youtube.com/watch?v=XF6sPJ1-rg8
clip_184.mp4: 
http://www.youtube.com/watch?v=LoX0YkHb0EA
clip_185.mp4: 
http://www.youtube.com/watch?v=TZTgg7WvmpU
clip_187.mp4: 
http://www.youtube.com/watch?v=jwVuFPAEdGo
clip_188.mp4: 
http://www.youtube.com/watch?v=S0CBy86KHvs
clip_19.mp4: 
http://www.youtube.com/watch?v=WsLEGMMRGMY
clip_190.mp4: 
http://www.youtube.com/watch?v=dc-teOhk9yE
clip_191.mp4: 
http://www.youtube.com/watch?v=2qPUmkuN2LQ
clip_193.mp4: 
http://www.youtube.com/watch?v=KmmdiZnmDB8
clip_195.mp4: 
http://www.youtube.com/watch?v=9Qd11M96SYA
clip_197.mp4: 
http://www.youtube.com/watch?v=Xpzs4ZwRZ5E
clip_199.mp4: 
http://www.youtube.com/watch?v=QIBDLyonuSs
clip_2.mp4: 
http://www.youtube.com/watch?v=_EEQX5eeJ68
clip_20.mp4: 
http://www.youtube.com/watch?v=gvhaV6-9BSU
clip_200.mp4: 
http://www.youtube.com/watch?v=HouvKvFnvTk
clip_202.mp4: 
http://www.youtube.com/watch?v=oSSdVZd4qVA
clip_204.mp4: 
http://www.youtube.com/watch?v=SMjwmq3X9lE
clip_205.mp4: 
http://www.youtube.com/watch?v=5Cer0u5Mpho
clip_207.mp4: 
http://www.youtube.com/watch?v=KvjN60ROvOk
clip_209.mp4: 
http://www.youtube.com/watch?v=SCXIrM5Hggs
clip_210.mp4: 
http://www.youtube.com/watch?v=mQre7YeOv90
clip_212.mp4: 
http://www.youtube.com/watch?v=8WNEweNqyKs
clip_214.mp4: 
http://www.youtube.com/watch?v=HAJZsHUeiac
clip_215.mp4: 
http://www.youtube.com/watch?v=-Ps5vW4-V2Q
clip_216.mp4: 
http://www.youtube.com/watch?v=dL-KaCrORmg
clip_217.mp4: 
http://www.youtube.com/watch?v=Cut4vRm9PlI
clip_218.mp4: 
http://www.youtube.com/watch?v=RRuz3gZLJbI
clip_22.mp4: 
http://www.youtube.com/watch?v=oEi5xIhSq3A
clip_220.mp4: 
http://www.youtube.com/watch?v=bNOk7VVLwEg
clip_222.mp4: 
http://www.youtube.com/watch?v=gGfcGvQdF1w
clip_223.mp4: 
http://www.youtube.com/watch?v=oy3Z7PtaORI
clip_225.mp4: 
http://www.youtube.com/watch?v=zzS8vSpPP3M
clip_226.mp4: 
http://www.youtube.com/watch?v=QCSvd4NxQvc
clip_228.mp4: 
http://www.youtube.com/watch?v=8cKOM9fTYKs
clip_229.mp4: 
http://www.youtube.com/watch?v=AgOZbRJXU0g
clip_23.mp4: 
http://www.youtube.com/watch?v=7Fi1cgeZDXc
clip_231.mp4: 
http://www.youtube.com/watch?v=pof-K33EfE0
clip_232.mp4: 
http://www.youtube.com/watch?v=s7f5QpR1hS0
clip_234.mp4: 
http://www.youtube.com/watch?v=NoAahW_LGHg
clip_235.mp4: 
http://www.youtube.com/watch?v=P-tvHgrQk1s
clip_237.mp4: 
http://www.youtube.com/watch?v=7nI6WGNiJ9A
clip_239.mp4: 
http://www.youtube.com/watch?v=bpP6OYYf0lY
clip_240.mp4: 
http://www.youtube.com/watch?v=RF7E7q10VF0
clip_242.mp4: 
http://www.youtube.com/watch?v=CuqdddSuU58
clip_243.mp4: 
http://www.youtube.com/watch?v=VXPOYn6E_JQ
clip_245.mp4: 
http://www.youtube.com/watch?v=DR-wPEwnDjc
clip_246.mp4: 
http://www.youtube.com/watch?v=FHgUhThC1lg
clip_248.mp4: 
http://www.youtube.com/watch?v=Jfsx2NKPql4
clip_25.mp4: 
http://www.youtube.com/watch?v=u53pgfT0vcc
clip_250.mp4: 
http://www.youtube.com/watch?v=2FpWCRJTaDI
clip_251.mp4: 
http://www.youtube.com/watch?v=7pMqPOV8QV4
clip_253.mp4: 
http://www.youtube.com/watch?v=bEOC48eR6Ro
clip_254.mp4: 
http://www.youtube.com/watch?v=19OrUtbAi7M
clip_256.mp4: 
http://www.youtube.com/watch?v=pB2Ue66OC60
clip_257.mp4: 
http://www.youtube.com/watch?v=LcScOEXBO9Q
clip_259.mp4: 
http://www.youtube.com/watch?v=_6ukoKTxitY
clip_261.mp4: 
http://www.youtube.com/watch?v=3vJ0hSwgJmk
clip_262.mp4: 
http://www.youtube.com/watch?v=RAvJ3xAVh8o
clip_264.mp4: 
http://www.youtube.com/watch?v=ZZPQR8LsZ8w
clip_265.mp4: 
http://www.youtube.com/watch?v=zJYcwXYWazs
clip_267.mp4: 
http://www.youtube.com/watch?v=eG2CWiALTNo
clip_268.mp4: 
http://www.youtube.com/watch?v=m6aw9Ou0nuA
clip_27.mp4: 
http://www.youtube.com/watch?v=5MAcoO5ywFg
clip_270.mp4: 
http://www.youtube.com/watch?v=Urtqymahdo4
clip_271.mp4: 
http://www.youtube.com/watch?v=sowxY6ZemSA
clip_273.mp4: 
http://www.youtube.com/watch?v=AbVDohfbyYE
clip_274.mp4: 
http://www.youtube.com/watch?v=uY4OU1t2JWU
clip_276.mp4: 
http://www.youtube.com/watch?v=0wTDP4sDS_k
clip_277.mp4: 
http://www.youtube.com/watch?v=kfmTgAuD1oU
clip_279.mp4: 
http://www.youtube.com/watch?v=UqmknImAccY
clip_28.mp4: 
http://www.youtube.com/watch?v=qd_H8Mtbp_0
clip_281.mp4: 
http://www.youtube.com/watch?v=FpoYgQsdKew
clip_283.mp4: 
http://www.youtube.com/watch?v=2qmRzx6hv04
clip_284.mp4: 
http://www.youtube.com/watch?v=nRNW3YZO3zo
clip_286.mp4: 
http://www.youtube.com/watch?v=l3W7sY_oQMY
clip_288.mp4: 
http://www.youtube.com/watch?v=6oo552RCo60
clip_289.mp4: 
http://www.youtube.com/watch?v=PnSZJFOA-_U
clip_29.mp4: 
http://www.youtube.com/watch?v=Xy9b6HPJ2gI
clip_291.mp4: 
http://www.youtube.com/watch?v=tl7G6duQysQ
clip_293.mp4: 
http://www.youtube.com/watch?v=9f5JMzaazc8
clip_294.mp4: 
http://www.youtube.com/watch?v=nkdhAPekBX4
clip_296.mp4: 
http://www.youtube.com/watch?v=6BpElTgCFpM
clip_298.mp4: 
http://www.youtube.com/watch?v=6wh3Z6yGrC8
clip_299.mp4: 
http://www.youtube.com/watch?v=BZWwCT9dtiY
clip_3.mp4: 
http://www.youtube.com/watch?v=UAmPiBrJetk
clip_30.mp4: 
http://www.youtube.com/watch?v=Vu8aaEF4H-c
clip_301.mp4: 
http://www.youtube.com/watch?v=PAAS6SNaixM
clip_303.mp4: 
http://www.youtube.com/watch?v=36YNiyrWcpc
clip_305.mp4: 
http://www.youtube.com/watch?v=C54jNFwFdrE
clip_306.mp4: 
http://www.youtube.com/watch?v=7-dBiMKk-ko
clip_308.mp4: 
http://www.youtube.com/watch?v=zVykDsCK3io
clip_31.mp4: 
http://www.youtube.com/watch?v=wh824vMFUAo
clip_310.mp4: 
http://www.youtube.com/watch?v=qhBMCFQMfng
clip_311.mp4: 
http://www.youtube.com/watch?v=Bh_u5AoQQfs
clip_313.mp4: 
http://www.youtube.com/watch?v=oS9GUEMD3XE
clip_315.mp4: 
http://www.youtube.com/watch?v=ffFN60qQW8k
clip_316.mp4: 
http://www.youtube.com/watch?v=uYFa05haq2A
clip_318.mp4: 
http://www.youtube.com/watch?v=2TYS6AsrQ9E
clip_32.mp4: 
http://www.youtube.com/watch?v=XcsnOJ-h1Gk
clip_320.mp4: 
http://www.youtube.com/watch?v=Kz9eLPoQEAU
clip_321.mp4: 
http://www.youtube.com/watch?v=KS65eqrbPLk
clip_323.mp4: 
http://www.youtube.com/watch?v=ak7jrFKodvs
clip_325.mp4: 
http://www.youtube.com/watch?v=Ec1ymIJmt54
clip_327.mp4: 
http://www.youtube.com/watch?v=5_ztJs_MzzQ
clip_328.mp4: 
http://www.youtube.com/watch?v=CUUX6kWkQtE
clip_330.mp4: 
http://www.youtube.com/watch?v=z3mgEbF23Pk
clip_332.mp4: 
http://www.youtube.com/watch?v=4BWo528L5MU
clip_34.mp4: 
http://www.youtube.com/watch?v=keJyY5_ljOg
clip_35.mp4: 
http://www.youtube.com/watch?v=yttclxSccPI
clip_37.mp4: 
http://www.youtube.com/watch?v=GPuGZGa9LHU
clip_38.mp4: 
http://www.youtube.com/watch?v=HVe4vIdPzqs
clip_4.mp4: 
http://www.youtube.com/watch?v=cfOPTjmaNcY
clip_40.mp4: 
http://www.youtube.com/watch?v=PnU0Ebo2G84
clip_41.mp4: 
http://www.youtube.com/watch?v=XRkF7fyUkfA
clip_43.mp4: 
http://www.youtube.com/watch?v=Uw9c2PikXNw
clip_44.mp4: 
http://www.youtube.com/watch?v=BaPbKCmIxKI
clip_46.mp4: 
http://www.youtube.com/watch?v=FG0WauNzhaw
clip_47.mp4: 
http://www.youtube.com/watch?v=8uIZPVyviSU
clip_49.mp4: 
http://www.youtube.com/watch?v=abGECaX5eQA
clip_5.mp4: 
http://www.youtube.com/watch?v=te6tkwsWihA
clip_51.mp4: 
http://www.youtube.com/watch?v=icjTuUDAgvA
clip_53.mp4: 
http://www.youtube.com/watch?v=ftIR894bSm0
clip_54.mp4: 
http://www.youtube.com/watch?v=YxWO28l3mNQ
clip_56.mp4: 
http://www.youtube.com/watch?v=UoWBeQWSXrA
clip_57.mp4: 
http://www.youtube.com/watch?v=4XJmJyJfd7g
clip_59.mp4: 
http://www.youtube.com/watch?v=GSdWvj4dDkg
clip_6.mp4: 
http://www.youtube.com/watch?v=CArC9FF-vDA
clip_60.mp4: 
http://www.youtube.com/watch?v=4rRyraBq4R0
clip_62.mp4: 
http://www.youtube.com/watch?v=g6X7pmrJe1o
clip_63.mp4: 
http://www.youtube.com/watch?v=Fn8fAhvv1Sk
clip_65.mp4: 
http://www.youtube.com/watch?v=VqTzBIshd50
clip_66.mp4: 
http://www.youtube.com/watch?v=KyneHRVHjok
clip_68.mp4: 
http://www.youtube.com/watch?v=IiWGcHXEhl4
clip_70.mp4: 
http://www.youtube.com/watch?v=w8Ta5T3DUhs
clip_72.mp4: 
http://www.youtube.com/watch?v=2zPKO8S0sNo
clip_73.mp4: 
http://www.youtube.com/watch?v=74uGmJSX9RM
clip_75.mp4: 
http://www.youtube.com/watch?v=VSRnmMe4Dqc
clip_76.mp4: 
http://www.youtube.com/watch?v=K_gZH_vAnK4
clip_78.mp4: 
http://www.youtube.com/watch?v=UQi4xNPwXRc
clip_79.mp4: 
http://www.youtube.com/watch?v=evyJba_BOtU
clip_8.mp4: 
http://www.youtube.com/watch?v=WNLZYhEwgu0
clip_81.mp4: 
http://www.youtube.com/watch?v=1pA4PT5uCRI
clip_82.mp4: 
http://www.youtube.com/watch?v=1NlSopQNvPU
clip_84.mp4: 
http://www.youtube.com/watch?v=VylxU1k8PQk
clip_85.mp4: 
http://www.youtube.com/watch?v=zBjDnb8-Zto
clip_87.mp4: 
http://www.youtube.com/watch?v=4cHdscZNTE8
clip_89.mp4: 
http://www.youtube.com/watch?v=VpMOtRRCLA8
clip_90.mp4: 
http://www.youtube.com/watch?v=HP5iI8MREIM
clip_92.mp4: 
http://www.youtube.com/watch?v=TGnkzdr89Og
clip_94.mp4: 
http://www.youtube.com/watch?v=CToZ_OZdGEI
clip_95.mp4: 
http://www.youtube.com/watch?v=WZuuOeLLbO4
clip_97.mp4: 
http://www.youtube.com/watch?v=MNEUcPlU9X8
clip_99.mp4: 
http://www.youtube.com/watch?v=wsBrFRKBez4
